Unity Editor version:    2021.2.7f1 (6bd9e232123f)
Branch:                  2021.2/staging
Build type:              Release
Batch mode:              YES
macOS version:           Version 11.6 (Build 20G165)
Darwin version:          20.6.0
Architecture:            x86_64
Running under Rosetta:   NO
Available memory:        65536 MB
Using pre-set license
Pro License: NO

COMMAND LINE ARGUMENTS:
/Applications/2021.2.7f1/Unity.app/Contents/MacOS/Unity
-adb2
-batchMode
-noUpm
-name
AssetImportWorker1
-projectPath
/Users/jamestunick/Desktop/VisualEffectGraph-Samples-master
-logFile
Logs/AssetImportWorker1.log
-srvPort
53933
Successfully changed project path to: /Users/jamestunick/Desktop/VisualEffectGraph-Samples-master
/Users/jamestunick/Desktop/VisualEffectGraph-Samples-master
[UnityMemory] Configuration Parameters - Can be set up in boot.config
    "memorysetup-bucket-allocator-granularity=16"
    "memorysetup-bucket-allocator-bucket-count=8"
    "memorysetup-bucket-allocator-block-size=33554432"
    "memorysetup-bucket-allocator-block-count=8"
    "memorysetup-main-allocator-block-size=16777216"
    "memorysetup-thread-allocator-block-size=16777216"
    "memorysetup-gfx-main-allocator-block-size=16777216"
    "memorysetup-gfx-thread-allocator-block-size=16777216"
    "memorysetup-cache-allocator-block-size=4194304"
    "memorysetup-typetree-allocator-block-size=2097152"
    "memorysetup-profiler-bucket-allocator-granularity=16"
    "memorysetup-profiler-bucket-allocator-bucket-count=8"
    "memorysetup-profiler-bucket-allocator-block-size=33554432"
    "memorysetup-profiler-bucket-allocator-block-count=8"
    "memorysetup-profiler-allocator-block-size=16777216"
    "memorysetup-profiler-editor-allocator-block-size=1048576"
    "memorysetup-temp-allocator-size-main=16777216"
    "memorysetup-job-temp-allocator-block-size=2097152"
    "memorysetup-job-temp-allocator-block-size-background=1048576"
    "memorysetup-job-temp-allocator-reduction-small-platforms=262144"
    "memorysetup-temp-allocator-size-background-worker=32768"
    "memorysetup-temp-allocator-size-job-worker=262144"
    "memorysetup-temp-allocator-size-preload-manager=33554432"
    "memorysetup-temp-allocator-size-nav-mesh-worker=65536"
    "memorysetup-temp-allocator-size-audio-worker=65536"
    "memorysetup-temp-allocator-size-cloud-worker=32768"
    "memorysetup-temp-allocator-size-gi-baking-worker=262144"
    "memorysetup-temp-allocator-size-gfx=262144"
Refreshing native plugins compatible for Editor in 35.84 ms, found 1 plugins.
Preloading 0 native plugins for Editor in 0.00 ms.
Initialize engine version: 2021.2.7f1 (6bd9e232123f)
[Subsystems] Discovering subsystems at path /Applications/2021.2.7f1/Unity.app/Contents/Resources/UnitySubsystems
[Subsystems] Discovering subsystems at path /Users/jamestunick/Desktop/VisualEffectGraph-Samples-master/Assets
GfxDevice: creating device client; threaded=0; jobified=0
Color LCD preferred device: Intel(R) UHD Graphics 630 (low power)
Metal devices available: 2
0: AMD Radeon Pro 5600M (high power)
1: Intel(R) UHD Graphics 630 (low power)
Using device AMD Radeon Pro 5600M (high power)
Initializing Metal device caps: AMD Radeon Pro 5600M
Initialize mono
Mono path[0] = '/Applications/2021.2.7f1/Unity.app/Contents/Managed'
Mono path[1] = '/Applications/2021.2.7f1/Unity.app/Contents/MonoBleedingEdge/lib/mono/unityjit-macos'
Mono config path = '/Applications/2021.2.7f1/Unity.app/Contents/MonoBleedingEdge/etc'
Using monoOptions --debugger-agent=transport=dt_socket,embedding=1,server=y,suspend=n,address=127.0.0.1:56375
Begin MonoManager ReloadAssembly
Registering precompiled unity dll's ...
Register platform support module: /Applications/2021.2.7f1/PlaybackEngines/WebGLSupport/UnityEditor.WebGL.Extensions.dll
Register platform support module: /Applications/2021.2.7f1/Unity.app/Contents/PlaybackEngines/MacStandaloneSupport/UnityEditor.OSXStandalone.Extensions.dll
Register platform support module: /Applications/2021.2.7f1/PlaybackEngines/WindowsStandaloneSupport/UnityEditor.WindowsStandalone.Extensions.dll
Register platform support module: /Applications/2021.2.7f1/PlaybackEngines/LuminSupport/UnityEditor.Lumin.Extensions.dll
Registered in 0.001797 seconds.
Native extension for Lumin target not found
Native extension for WindowsStandalone target not found
Native extension for OSXStandalone target not found
Native extension for WebGL target not found
Refreshing native plugins compatible for Editor in 35.01 ms, found 1 plugins.
Preloading 0 native plugins for Editor in 0.00 ms.
Mono: successfully reloaded assembly
- Completed reload, in  0.830 seconds
Domain Reload Profiling:
	ReloadAssembly (831ms)
		BeginReloadAssembly (76ms)
			ExecutionOrderSort (0ms)
			DisableScriptedObjects (0ms)
			BackupInstance (0ms)
			ReleaseScriptingObjects (0ms)
			CreateAndSetChildDomain (1ms)
		EndReloadAssembly (630ms)
			LoadAssemblies (76ms)
			RebuildTransferFunctionScriptingTraits (0ms)
			SetupTypeCache (184ms)
			ReleaseScriptCaches (0ms)
			RebuildScriptCaches (44ms)
			SetupLoadedEditorAssemblies (326ms)
				LogAssemblyErrors (0ms)
				InitializePlatformSupportModulesInManaged (19ms)
				SetLoadedEditorAssemblies (1ms)
				RefreshPlugins (35ms)
				BeforeProcessingInitializeOnLoad (2ms)
				ProcessInitializeOnLoadAttributes (209ms)
				ProcessInitializeOnLoadMethodAttributes (61ms)
				AfterProcessingInitializeOnLoad (0ms)
				EditorAssembliesLoaded (0ms)
			ExecutionOrderSort2 (0ms)
			AwakeInstancesAfterBackupRestoration (0ms)
Platform modules already initialized, skipping
Registering precompiled user dll's ...
Registered in 0.000451 seconds.
Begin MonoManager ReloadAssembly
Native extension for Lumin target not found
Native extension for WindowsStandalone target not found
Native extension for OSXStandalone target not found
Native extension for WebGL target not found
Refreshing native plugins compatible for Editor in 0.37 ms, found 1 plugins.
Preloading 0 native plugins for Editor in 0.00 ms.
Mono: successfully reloaded assembly
- Completed reload, in  0.989 seconds
Domain Reload Profiling:
	ReloadAssembly (990ms)
		BeginReloadAssembly (136ms)
			ExecutionOrderSort (0ms)
			DisableScriptedObjects (8ms)
			BackupInstance (0ms)
			ReleaseScriptingObjects (0ms)
			CreateAndSetChildDomain (37ms)
		EndReloadAssembly (711ms)
			LoadAssemblies (58ms)
			RebuildTransferFunctionScriptingTraits (0ms)
			SetupTypeCache (214ms)
			ReleaseScriptCaches (0ms)
			RebuildScriptCaches (66ms)
			SetupLoadedEditorAssemblies (300ms)
				LogAssemblyErrors (0ms)
				InitializePlatformSupportModulesInManaged (15ms)
				SetLoadedEditorAssemblies (1ms)
				RefreshPlugins (0ms)
				BeforeProcessingInitializeOnLoad (52ms)
				ProcessInitializeOnLoadAttributes (203ms)
				ProcessInitializeOnLoadMethodAttributes (27ms)
				AfterProcessingInitializeOnLoad (2ms)
				EditorAssembliesLoaded (0ms)
			ExecutionOrderSort2 (0ms)
			AwakeInstancesAfterBackupRestoration (5ms)
Platform modules already initialized, skipping
========================================================================
Worker process is ready to serve import requests
Launching external process: /Applications/2021.2.7f1/Unity.app/Contents/Tools/UnityShaderCompiler
Launched and connected shader compiler UnityShaderCompiler after 0.02 seconds
Refreshing native plugins compatible for Editor in 0.40 ms, found 1 plugins.
Preloading 0 native plugins for Editor in 0.00 ms.
Unloading 1195 Unused Serialized files (Serialized files now loaded: 0)
Unloading 22 unused Assets / (116.4 KB). Loaded Objects now: 1663.
Memory consumption went from 133.7 MB to 133.6 MB.
Total: 3.136604 ms (FindLiveObjects: 0.161749 ms CreateObjectMapping: 0.068965 ms MarkObjects: 2.815288 ms  DeleteObjects: 0.089541 ms)

AssetImportParameters requested are different than current active one (requested -> active):
  custom:video-decoder-ogg-theora: a1e56fd34408186e4bbccfd4996cb3dc -> 
  custom:container-muxer-webm: aa71ff27fc2769a1b78a27578f13a17b -> 
  custom:container-demuxer-webm: 4f35f7cbe854078d1ac9338744f61a02 -> 
  custom:video-encoder-webm-vp8: eb34c28f22e8b96e1ab97ce403110664 -> 
  custom:framework-osx-AVFoundation: e770b220cccbd017edd2c1fefb359320 -> 
  custom:audio-encoder-webm-vorbis: bf7c407c2cedff20999df2af8eb42d56 -> 
  custom:container-demuxer-ogg: 62fdf1f143b41e24485cea50d1cbac27 -> 
  custom:video-decoder-webm-vp8: 9c59270c3fd7afecdb556c50c9e8de78 -> 
  custom:audio-decoder-ogg-vorbis: bf7c407c2cedff20999df2af8eb42d56 -> 
========================================================================
Received Import Request.
  Time since last request: 10900.449427 seconds.
  path: Assets/SphereTest.vfx
  artifactKey: Guid(13b57193c917fce4cb5c92eb32d69d69) Importer(815301076,1909f56bfc062723c751e8b465ee728b)
Start importing Assets/SphereTest.vfx using Guid(13b57193c917fce4cb5c92eb32d69d69) Importer(815301076,1909f56bfc062723c751e8b465ee728b)  -> (artifact id: '5516cab7b36dc18488123bd7951623df') in 1.730667 seconds 
========================================================================
Received Prepare
Registering precompiled user dll's ...
Registered in 0.005677 seconds.
ArgumentException: An item with the same key has already been added. Key: 00000000000000000000000000000000
  at System.Collections.Generic.Dictionary`2[TKey,TValue].TryInsert (TKey key, TValue value, System.Collections.Generic.InsertionBehavior behavior) [0x0015a] in <bd21fd595d394493a51e7c79b5fef9e0>:0 
  at System.Collections.Generic.Dictionary`2[TKey,TValue].Add (TKey key, TValue value) [0x00000] in <bd21fd595d394493a51e7c79b5fef9e0>:0 
  at System.Linq.Enumerable.ToDictionary[TSource,TKey] (TSource[] source, System.Func`2[T,TResult] keySelector, System.Collections.Generic.IEqualityComparer`1[T] comparer) [0x0001c] in <9a91019703864b5f83eb6d135bbcb7b2>:0 
  at System.Linq.Enumerable.ToDictionary[TSource,TKey] (System.Collections.Generic.IEnumerable`1[T] source, System.Func`2[T,TResult] keySelector, System.Collections.Generic.IEqualityComparer`1[T] comparer) [0x00043] in <9a91019703864b5f83eb6d135bbcb7b2>:0 
  at System.Linq.Enumerable.ToDictionary[TSource,TKey] (System.Collections.Generic.IEnumerable`1[T] source, System.Func`2[T,TResult] keySelector) [0x00000] in <9a91019703864b5f83eb6d135bbcb7b2>:0 
  at UnityEditor.Scripting.ScriptCompilation.LoadingAssemblyDefinition.SetAllCustomScriptAssemblyReferenceJsonsContents (System.String[] paths, System.String[] contents) [0x00167] in /Users/bokken/buildslave/unity/build/Editor/Mono/Scripting/ScriptCompilation/LoadingAssemblyDefinition.cs:244 
UnityEngine.DebugLogHandler:Internal_LogException(Exception, Object)
UnityEngine.DebugLogHandler:LogException(Exception, Object)
UnityEngine.Logger:LogException(Exception, Object)
UnityEngine.Debug:LogException(Exception)
UnityEditor.Scripting.ScriptCompilation.EditorCompilationInterface:LogException(Exception) (at /Users/bokken/buildslave/unity/build/Editor/Mono/Scripting/ScriptCompilation/EditorCompilationInterface.cs:33)
UnityEditor.Scripting.ScriptCompilation.EditorCompilationInterface:EmitExceptionsAsErrors(Exception[]) (at /Users/bokken/buildslave/unity/build/Editor/Mono/Scripting/ScriptCompilation/EditorCompilationInterface.cs:42)
UnityEditor.Scripting.ScriptCompilation.EditorCompilationInterface:SetAllCustomScriptAssemblyReferenceJsons(String[], String[]) (at /Users/bokken/buildslave/unity/build/Editor/Mono/Scripting/ScriptCompilation/EditorCompilationInterface.cs:134)

(Filename: /Users/bokken/buildslave/unity/build/Editor/Mono/Scripting/ScriptCompilation/LoadingAssemblyDefinition.cs Line: 244)

ArgumentException: An item with the same key has already been added. Key: 00000000000000000000000000000000
  at System.Collections.Generic.Dictionary`2[TKey,TValue].TryInsert (TKey key, TValue value, System.Collections.Generic.InsertionBehavior behavior) [0x0015a] in <bd21fd595d394493a51e7c79b5fef9e0>:0 
  at System.Collections.Generic.Dictionary`2[TKey,TValue].Add (TKey key, TValue value) [0x00000] in <bd21fd595d394493a51e7c79b5fef9e0>:0 
  at System.Linq.Enumerable.ToDictionary[TSource,TKey] (TSource[] source, System.Func`2[T,TResult] keySelector, System.Collections.Generic.IEqualityComparer`1[T] comparer) [0x0001c] in <9a91019703864b5f83eb6d135bbcb7b2>:0 
  at System.Linq.Enumerable.ToDictionary[TSource,TKey] (System.Collections.Generic.IEnumerable`1[T] source, System.Func`2[T,TResult] keySelector, System.Collections.Generic.IEqualityComparer`1[T] comparer) [0x00043] in <9a91019703864b5f83eb6d135bbcb7b2>:0 
  at System.Linq.Enumerable.ToDictionary[TSource,TKey] (System.Collections.Generic.IEnumerable`1[T] source, System.Func`2[T,TResult] keySelector) [0x00000] in <9a91019703864b5f83eb6d135bbcb7b2>:0 
  at UnityEditor.Scripting.ScriptCompilation.LoadingAssemblyDefinition.SetAllCustomScriptAssemblyReferenceJsonsContents (System.String[] paths, System.String[] contents) [0x00167] in /Users/bokken/buildslave/unity/build/Editor/Mono/Scripting/ScriptCompilation/LoadingAssemblyDefinition.cs:244 
UnityEngine.DebugLogHandler:Internal_LogException(Exception, Object)
UnityEngine.DebugLogHandler:LogException(Exception, Object)
UnityEngine.Logger:LogException(Exception, Object)
UnityEngine.Debug:LogException(Exception)
UnityEditor.Scripting.ScriptCompilation.EditorCompilationInterface:LogException(Exception) (at /Users/bokken/buildslave/unity/build/Editor/Mono/Scripting/ScriptCompilation/EditorCompilationInterface.cs:33)
UnityEditor.Scripting.ScriptCompilation.EditorCompilationInterface:EmitExceptionsAsErrors(Exception[]) (at /Users/bokken/buildslave/unity/build/Editor/Mono/Scripting/ScriptCompilation/EditorCompilationInterface.cs:42)
UnityEditor.Scripting.ScriptCompilation.EditorCompilationInterface:SetAllCustomScriptAssemblyReferenceJsons(String[], String[]) (at /Users/bokken/buildslave/unity/build/Editor/Mono/Scripting/ScriptCompilation/EditorCompilationInterface.cs:134)

(Filename: /Users/bokken/buildslave/unity/build/Editor/Mono/Scripting/ScriptCompilation/LoadingAssemblyDefinition.cs Line: 244)

ArgumentException: An item with the same key has already been added. Key: 00000000000000000000000000000000
  at System.Collections.Generic.Dictionary`2[TKey,TValue].TryInsert (TKey key, TValue value, System.Collections.Generic.InsertionBehavior behavior) [0x0015a] in <bd21fd595d394493a51e7c79b5fef9e0>:0 
  at System.Collections.Generic.Dictionary`2[TKey,TValue].Add (TKey key, TValue value) [0x00000] in <bd21fd595d394493a51e7c79b5fef9e0>:0 
  at System.Linq.Enumerable.ToDictionary[TSource,TKey] (TSource[] source, System.Func`2[T,TResult] keySelector, System.Collections.Generic.IEqualityComparer`1[T] comparer) [0x0001c] in <9a91019703864b5f83eb6d135bbcb7b2>:0 
  at System.Linq.Enumerable.ToDictionary[TSource,TKey] (System.Collections.Generic.IEnumerable`1[T] source, System.Func`2[T,TResult] keySelector, System.Collections.Generic.IEqualityComparer`1[T] comparer) [0x00043] in <9a91019703864b5f83eb6d135bbcb7b2>:0 
  at System.Linq.Enumerable.ToDictionary[TSource,TKey] (System.Collections.Generic.IEnumerable`1[T] source, System.Func`2[T,TResult] keySelector) [0x00000] in <9a91019703864b5f83eb6d135bbcb7b2>:0 
  at UnityEditor.Scripting.ScriptCompilation.LoadingAssemblyDefinition.SetAllCustomScriptAssemblyReferenceJsonsContents (System.String[] paths, System.String[] contents) [0x00167] in /Users/bokken/buildslave/unity/build/Editor/Mono/Scripting/ScriptCompilation/LoadingAssemblyDefinition.cs:244 
UnityEngine.DebugLogHandler:Internal_LogException(Exception, Object)
UnityEngine.DebugLogHandler:LogException(Exception, Object)
UnityEngine.Logger:LogException(Exception, Object)
UnityEngine.Debug:LogException(Exception)
UnityEditor.Scripting.ScriptCompilation.EditorCompilationInterface:LogException(Exception) (at /Users/bokken/buildslave/unity/build/Editor/Mono/Scripting/ScriptCompilation/EditorCompilationInterface.cs:33)
UnityEditor.Scripting.ScriptCompilation.EditorCompilationInterface:EmitExceptionsAsErrors(Exception[]) (at /Users/bokken/buildslave/unity/build/Editor/Mono/Scripting/ScriptCompilation/EditorCompilationInterface.cs:42)
UnityEditor.Scripting.ScriptCompilation.EditorCompilationInterface:SetAllCustomScriptAssemblyReferenceJsons(String[], String[]) (at /Users/bokken/buildslave/unity/build/Editor/Mono/Scripting/ScriptCompilation/EditorCompilationInterface.cs:134)

(Filename: /Users/bokken/buildslave/unity/build/Editor/Mono/Scripting/ScriptCompilation/LoadingAssemblyDefinition.cs Line: 244)

ArgumentException: An item with the same key has already been added. Key: 00000000000000000000000000000000
  at System.Collections.Generic.Dictionary`2[TKey,TValue].TryInsert (TKey key, TValue value, System.Collections.Generic.InsertionBehavior behavior) [0x0015a] in <bd21fd595d394493a51e7c79b5fef9e0>:0 
  at System.Collections.Generic.Dictionary`2[TKey,TValue].Add (TKey key, TValue value) [0x00000] in <bd21fd595d394493a51e7c79b5fef9e0>:0 
  at System.Linq.Enumerable.ToDictionary[TSource,TKey] (TSource[] source, System.Func`2[T,TResult] keySelector, System.Collections.Generic.IEqualityComparer`1[T] comparer) [0x0001c] in <9a91019703864b5f83eb6d135bbcb7b2>:0 
  at System.Linq.Enumerable.ToDictionary[TSource,TKey] (System.Collections.Generic.IEnumerable`1[T] source, System.Func`2[T,TResult] keySelector, System.Collections.Generic.IEqualityComparer`1[T] comparer) [0x00043] in <9a91019703864b5f83eb6d135bbcb7b2>:0 
  at System.Linq.Enumerable.ToDictionary[TSource,TKey] (System.Collections.Generic.IEnumerable`1[T] source, System.Func`2[T,TResult] keySelector) [0x00000] in <9a91019703864b5f83eb6d135bbcb7b2>:0 
  at UnityEditor.Scripting.ScriptCompilation.LoadingAssemblyDefinition.SetAllCustomScriptAssemblyReferenceJsonsContents (System.String[] paths, System.String[] contents) [0x00167] in /Users/bokken/buildslave/unity/build/Editor/Mono/Scripting/ScriptCompilation/LoadingAssemblyDefinition.cs:244 
UnityEngine.DebugLogHandler:Internal_LogException(Exception, Object)
UnityEngine.DebugLogHandler:LogException(Exception, Object)
UnityEngine.Logger:LogException(Exception, Object)
UnityEngine.Debug:LogException(Exception)
UnityEditor.Scripting.ScriptCompilation.EditorCompilationInterface:LogException(Exception) (at /Users/bokken/buildslave/unity/build/Editor/Mono/Scripting/ScriptCompilation/EditorCompilationInterface.cs:33)
UnityEditor.Scripting.ScriptCompilation.EditorCompilationInterface:EmitExceptionsAsErrors(Exception[]) (at /Users/bokken/buildslave/unity/build/Editor/Mono/Scripting/ScriptCompilation/EditorCompilationInterface.cs:42)
UnityEditor.Scripting.ScriptCompilation.EditorCompilationInterface:SetAllCustomScriptAssemblyReferenceJsons(String[], String[]) (at /Users/bokken/buildslave/unity/build/Editor/Mono/Scripting/ScriptCompilation/EditorCompilationInterface.cs:134)

(Filename: /Users/bokken/buildslave/unity/build/Editor/Mono/Scripting/ScriptCompilation/LoadingAssemblyDefinition.cs Line: 244)

Begin MonoManager ReloadAssembly
Native extension for Lumin target not found
Native extension for WindowsStandalone target not found
Native extension for OSXStandalone target not found
Native extension for WebGL target not found
Refreshing native plugins compatible for Editor in 103.75 ms, found 1 plugins.
Preloading 0 native plugins for Editor in 0.00 ms.
Assembly with name 'VFXGraph.OutputEventHandlers' already exists (Assets/Samples/Visual Effect Graph/12.1.2/OutputEvent Helpers/Runtime/Unity.VisualEffectGraph.OutputEventHandlers.asmdef)
Assembly with name 'VFXGraph.OutputEventHandlers' already exists (Assets/Samples/Visual Effect Graph/10.2.0/OutputEvent Helpers/Runtime/Unity.VisualEffectGraph.OutputEventHandlers.asmdef)
Assembly with name 'VFXGraph.OutputEventHandlers.Editor' already exists (Assets/Samples/Visual Effect Graph/12.1.2/OutputEvent Helpers/Editor/Unity.VisualEffectGraph.OutputEventHandlers.asmdef)
Assembly with name 'VFXGraph.OutputEventHandlers.Editor' already exists (Assets/Samples/Visual Effect Graph/10.2.0/OutputEvent Helpers/Editor/Unity.VisualEffectGraph.OutputEventHandlers.asmdef)
ArgumentException: An item with the same key has already been added. Key: 00000000000000000000000000000000
  at System.Collections.Generic.Dictionary`2[TKey,TValue].TryInsert (TKey key, TValue value, System.Collections.Generic.InsertionBehavior behavior) [0x0015a] in <bd21fd595d394493a51e7c79b5fef9e0>:0 
  at System.Collections.Generic.Dictionary`2[TKey,TValue].Add (TKey key, TValue value) [0x00000] in <bd21fd595d394493a51e7c79b5fef9e0>:0 
  at System.Linq.Enumerable.ToDictionary[TSource,TKey] (TSource[] source, System.Func`2[T,TResult] keySelector, System.Collections.Generic.IEqualityComparer`1[T] comparer) [0x0001c] in <9a91019703864b5f83eb6d135bbcb7b2>:0 
  at System.Linq.Enumerable.ToDictionary[TSource,TKey] (System.Collections.Generic.IEnumerable`1[T] source, System.Func`2[T,TResult] keySelector, System.Collections.Generic.IEqualityComparer`1[T] comparer) [0x00043] in <9a91019703864b5f83eb6d135bbcb7b2>:0 
  at System.Linq.Enumerable.ToDictionary[TSource,TKey] (System.Collections.Generic.IEnumerable`1[T] source, System.Func`2[T,TResult] keySelector) [0x00000] in <9a91019703864b5f83eb6d135bbcb7b2>:0 
  at UnityEditor.Scripting.ScriptCompilation.LoadingAssemblyDefinition.SetAllCustomScriptAssemblyReferenceJsonsContents (System.String[] paths, System.String[] contents) [0x00167] in /Users/bokken/buildslave/unity/build/Editor/Mono/Scripting/ScriptCompilation/LoadingAssemblyDefinition.cs:244 
UnityEngine.DebugLogHandler:Internal_LogException(Exception, Object)
UnityEngine.DebugLogHandler:LogException(Exception, Object)
UnityEngine.Logger:LogException(Exception, Object)
UnityEngine.Debug:LogException(Exception)
UnityEditor.Scripting.ScriptCompilation.EditorCompilationInterface:LogException(Exception) (at /Users/bokken/buildslave/unity/build/Editor/Mono/Scripting/ScriptCompilation/EditorCompilationInterface.cs:33)
UnityEditor.Scripting.ScriptCompilation.EditorCompilationInterface:EmitExceptionsAsErrors(Exception[]) (at /Users/bokken/buildslave/unity/build/Editor/Mono/Scripting/ScriptCompilation/EditorCompilationInterface.cs:42)
UnityEditor.Scripting.ScriptCompilation.EditorCompilationInterface:SetAllCustomScriptAssemblyReferenceJsons(String[], String[]) (at /Users/bokken/buildslave/unity/build/Editor/Mono/Scripting/ScriptCompilation/EditorCompilationInterface.cs:134)

(Filename: /Users/bokken/buildslave/unity/build/Editor/Mono/Scripting/ScriptCompilation/LoadingAssemblyDefinition.cs Line: 244)

ArgumentException: An item with the same key has already been added. Key: 00000000000000000000000000000000
  at System.Collections.Generic.Dictionary`2[TKey,TValue].TryInsert (TKey key, TValue value, System.Collections.Generic.InsertionBehavior behavior) [0x0015a] in <bd21fd595d394493a51e7c79b5fef9e0>:0 
  at System.Collections.Generic.Dictionary`2[TKey,TValue].Add (TKey key, TValue value) [0x00000] in <bd21fd595d394493a51e7c79b5fef9e0>:0 
  at System.Linq.Enumerable.ToDictionary[TSource,TKey] (TSource[] source, System.Func`2[T,TResult] keySelector, System.Collections.Generic.IEqualityComparer`1[T] comparer) [0x0001c] in <9a91019703864b5f83eb6d135bbcb7b2>:0 
  at System.Linq.Enumerable.ToDictionary[TSource,TKey] (System.Collections.Generic.IEnumerable`1[T] source, System.Func`2[T,TResult] keySelector, System.Collections.Generic.IEqualityComparer`1[T] comparer) [0x00043] in <9a91019703864b5f83eb6d135bbcb7b2>:0 
  at System.Linq.Enumerable.ToDictionary[TSource,TKey] (System.Collections.Generic.IEnumerable`1[T] source, System.Func`2[T,TResult] keySelector) [0x00000] in <9a91019703864b5f83eb6d135bbcb7b2>:0 
  at UnityEditor.Scripting.ScriptCompilation.LoadingAssemblyDefinition.SetAllCustomScriptAssemblyReferenceJsonsContents (System.String[] paths, System.String[] contents) [0x00167] in /Users/bokken/buildslave/unity/build/Editor/Mono/Scripting/ScriptCompilation/LoadingAssemblyDefinition.cs:244 
UnityEngine.DebugLogHandler:Internal_LogException(Exception, Object)
UnityEngine.DebugLogHandler:LogException(Exception, Object)
UnityEngine.Logger:LogException(Exception, Object)
UnityEngine.Debug:LogException(Exception)
UnityEditor.Scripting.ScriptCompilation.EditorCompilationInterface:LogException(Exception) (at /Users/bokken/buildslave/unity/build/Editor/Mono/Scripting/ScriptCompilation/EditorCompilationInterface.cs:33)
UnityEditor.Scripting.ScriptCompilation.EditorCompilationInterface:EmitExceptionsAsErrors(Exception[]) (at /Users/bokken/buildslave/unity/build/Editor/Mono/Scripting/ScriptCompilation/EditorCompilationInterface.cs:42)
UnityEditor.Scripting.ScriptCompilation.EditorCompilationInterface:SetAllCustomScriptAssemblyReferenceJsons(String[], String[]) (at /Users/bokken/buildslave/unity/build/Editor/Mono/Scripting/ScriptCompilation/EditorCompilationInterface.cs:134)

(Filename: /Users/bokken/buildslave/unity/build/Editor/Mono/Scripting/ScriptCompilation/LoadingAssemblyDefinition.cs Line: 244)

Mono: successfully reloaded assembly
- Completed reload, in  1.694 seconds
Domain Reload Profiling:
	ReloadAssembly (1695ms)
		BeginReloadAssembly (196ms)
			ExecutionOrderSort (0ms)
			DisableScriptedObjects (6ms)
			BackupInstance (0ms)
			ReleaseScriptingObjects (0ms)
			CreateAndSetChildDomain (40ms)
		EndReloadAssembly (1370ms)
			LoadAssemblies (177ms)
			RebuildTransferFunctionScriptingTraits (0ms)
			SetupTypeCache (333ms)
			ReleaseScriptCaches (1ms)
			RebuildScriptCaches (46ms)
			SetupLoadedEditorAssemblies (778ms)
				LogAssemblyErrors (0ms)
				InitializePlatformSupportModulesInManaged (11ms)
				SetLoadedEditorAssemblies (0ms)
				RefreshPlugins (104ms)
				BeforeProcessingInitializeOnLoad (93ms)
				ProcessInitializeOnLoadAttributes (534ms)
				ProcessInitializeOnLoadMethodAttributes (35ms)
				AfterProcessingInitializeOnLoad (2ms)
				EditorAssembliesLoaded (0ms)
			ExecutionOrderSort2 (0ms)
			AwakeInstancesAfterBackupRestoration (5ms)
Platform modules already initialized, skipping
WARNING: RGBA Compressed ASTC4X4 UNorm format is not supported, decompressing texture
WARNING: RGBA Compressed ASTC6X6 sRGB format is not supported, decompressing texture
WARNING: RGBA Compressed ASTC6X6 sRGB format is not supported, decompressing texture
WARNING: RGBA Compressed ASTC6X6 UNorm format is not supported, decompressing texture
Switching build target platform(2) subTarget(0) extendedPlatform(0) -> platform(9) subTarget(2) extendedPlatform(0)
Shader 'HDRP/TerrainLit': dependency 'BaseMapGenShader' shader 'Hidden/HDRP/TerrainLit_BasemapGen' not found
Refreshing native plugins compatible for Editor in 1.63 ms, found 1 plugins.
Preloading 0 native plugins for Editor in 0.00 ms.
Unloading 4537 Unused Serialized files (Serialized files now loaded: 0)
Unloading 133 unused Assets / (11.7 MB). Loaded Objects now: 4912.
Memory consumption went from 426.2 MB to 414.5 MB.
Total: 12.421018 ms (FindLiveObjects: 0.596779 ms CreateObjectMapping: 0.482650 ms MarkObjects: 4.017166 ms  DeleteObjects: 7.323019 ms)

AssetImportParameters requested are different than current active one (requested -> active):
  custom:video-decoder-ogg-theora: a1e56fd34408186e4bbccfd4996cb3dc -> 
  custom:container-muxer-webm: aa71ff27fc2769a1b78a27578f13a17b -> 
  custom:container-demuxer-webm: 4f35f7cbe854078d1ac9338744f61a02 -> 
  custom:video-encoder-webm-vp8: eb34c28f22e8b96e1ab97ce403110664 -> 
  custom:framework-osx-AVFoundation: e770b220cccbd017edd2c1fefb359320 -> 
  custom:audio-encoder-webm-vorbis: bf7c407c2cedff20999df2af8eb42d56 -> 
  custom:container-demuxer-ogg: 62fdf1f143b41e24485cea50d1cbac27 -> 
  custom:video-decoder-webm-vp8: 9c59270c3fd7afecdb556c50c9e8de78 -> 
  custom:audio-decoder-ogg-vorbis: bf7c407c2cedff20999df2af8eb42d56 -> 
========================================================================
Received Prepare
Switching render pipeline ac2eea669d8930442b5979ae5b48e413 -> 9b9c0b62deeea4218843a7ad59325649
Refreshing native plugins compatible for Editor in 2.01 ms, found 1 plugins.
Preloading 0 native plugins for Editor in 0.00 ms.
Unloading 179 Unused Serialized files (Serialized files now loaded: 0)
Unloading 107 unused Assets / (10.0 MB). Loaded Objects now: 4984.
Memory consumption went from 336.3 MB to 326.3 MB.
Total: 15.015281 ms (FindLiveObjects: 0.480005 ms CreateObjectMapping: 0.529444 ms MarkObjects: 7.403675 ms  DeleteObjects: 6.601359 ms)

AssetImportParameters requested are different than current active one (requested -> active):
  custom:video-decoder-ogg-theora: a1e56fd34408186e4bbccfd4996cb3dc -> 
  custom:container-muxer-webm: aa71ff27fc2769a1b78a27578f13a17b -> 
  custom:container-demuxer-webm: 4f35f7cbe854078d1ac9338744f61a02 -> 
  custom:video-encoder-webm-vp8: eb34c28f22e8b96e1ab97ce403110664 -> 
  custom:framework-osx-AVFoundation: e770b220cccbd017edd2c1fefb359320 -> 
  custom:audio-encoder-webm-vorbis: bf7c407c2cedff20999df2af8eb42d56 -> 
  custom:container-demuxer-ogg: 62fdf1f143b41e24485cea50d1cbac27 -> 
  custom:video-decoder-webm-vp8: 9c59270c3fd7afecdb556c50c9e8de78 -> 
  custom:audio-decoder-ogg-vorbis: bf7c407c2cedff20999df2af8eb42d56 -> 
========================================================================
Received Prepare
Registering precompiled user dll's ...
Registered in 0.001268 seconds.
Assembly with name 'VFXGraph.OutputEventHandlers' already exists (Assets/Samples/Visual Effect Graph/12.1.2/OutputEvent Helpers/Runtime/Unity.VisualEffectGraph.OutputEventHandlers.asmdef)
Assembly with name 'VFXGraph.OutputEventHandlers' already exists (Assets/Samples/Visual Effect Graph/10.2.0/OutputEvent Helpers/Runtime/Unity.VisualEffectGraph.OutputEventHandlers.asmdef)
Assembly with name 'VFXGraph.OutputEventHandlers.Editor' already exists (Assets/Samples/Visual Effect Graph/12.1.2/OutputEvent Helpers/Editor/Unity.VisualEffectGraph.OutputEventHandlers.asmdef)
Assembly with name 'VFXGraph.OutputEventHandlers.Editor' already exists (Assets/Samples/Visual Effect Graph/10.2.0/OutputEvent Helpers/Editor/Unity.VisualEffectGraph.OutputEventHandlers.asmdef)
ArgumentException: An item with the same key has already been added. Key: 00000000000000000000000000000000
  at System.Collections.Generic.Dictionary`2[TKey,TValue].TryInsert (TKey key, TValue value, System.Collections.Generic.InsertionBehavior behavior) [0x0015a] in <bd21fd595d394493a51e7c79b5fef9e0>:0 
  at System.Collections.Generic.Dictionary`2[TKey,TValue].Add (TKey key, TValue value) [0x00000] in <bd21fd595d394493a51e7c79b5fef9e0>:0 
  at System.Linq.Enumerable.ToDictionary[TSource,TKey] (TSource[] source, System.Func`2[T,TResult] keySelector, System.Collections.Generic.IEqualityComparer`1[T] comparer) [0x0001c] in <9a91019703864b5f83eb6d135bbcb7b2>:0 
  at System.Linq.Enumerable.ToDictionary[TSource,TKey] (System.Collections.Generic.IEnumerable`1[T] source, System.Func`2[T,TResult] keySelector, System.Collections.Generic.IEqualityComparer`1[T] comparer) [0x00043] in <9a91019703864b5f83eb6d135bbcb7b2>:0 
  at System.Linq.Enumerable.ToDictionary[TSource,TKey] (System.Collections.Generic.IEnumerable`1[T] source, System.Func`2[T,TResult] keySelector) [0x00000] in <9a91019703864b5f83eb6d135bbcb7b2>:0 
  at UnityEditor.Scripting.ScriptCompilation.LoadingAssemblyDefinition.SetAllCustomScriptAssemblyReferenceJsonsContents (System.String[] paths, System.String[] contents) [0x00167] in /Users/bokken/buildslave/unity/build/Editor/Mono/Scripting/ScriptCompilation/LoadingAssemblyDefinition.cs:244 
UnityEngine.DebugLogHandler:Internal_LogException(Exception, Object)
UnityEngine.DebugLogHandler:LogException(Exception, Object)
UnityEngine.Logger:LogException(Exception, Object)
UnityEngine.Debug:LogException(Exception)
UnityEditor.Scripting.ScriptCompilation.EditorCompilationInterface:LogException(Exception) (at /Users/bokken/buildslave/unity/build/Editor/Mono/Scripting/ScriptCompilation/EditorCompilationInterface.cs:33)
UnityEditor.Scripting.ScriptCompilation.EditorCompilationInterface:EmitExceptionsAsErrors(Exception[]) (at /Users/bokken/buildslave/unity/build/Editor/Mono/Scripting/ScriptCompilation/EditorCompilationInterface.cs:42)
UnityEditor.Scripting.ScriptCompilation.EditorCompilationInterface:SetAllCustomScriptAssemblyReferenceJsons(String[], String[]) (at /Users/bokken/buildslave/unity/build/Editor/Mono/Scripting/ScriptCompilation/EditorCompilationInterface.cs:134)

(Filename: /Users/bokken/buildslave/unity/build/Editor/Mono/Scripting/ScriptCompilation/LoadingAssemblyDefinition.cs Line: 244)

ArgumentException: An item with the same key has already been added. Key: 00000000000000000000000000000000
  at System.Collections.Generic.Dictionary`2[TKey,TValue].TryInsert (TKey key, TValue value, System.Collections.Generic.InsertionBehavior behavior) [0x0015a] in <bd21fd595d394493a51e7c79b5fef9e0>:0 
  at System.Collections.Generic.Dictionary`2[TKey,TValue].Add (TKey key, TValue value) [0x00000] in <bd21fd595d394493a51e7c79b5fef9e0>:0 
  at System.Linq.Enumerable.ToDictionary[TSource,TKey] (TSource[] source, System.Func`2[T,TResult] keySelector, System.Collections.Generic.IEqualityComparer`1[T] comparer) [0x0001c] in <9a91019703864b5f83eb6d135bbcb7b2>:0 
  at System.Linq.Enumerable.ToDictionary[TSource,TKey] (System.Collections.Generic.IEnumerable`1[T] source, System.Func`2[T,TResult] keySelector, System.Collections.Generic.IEqualityComparer`1[T] comparer) [0x00043] in <9a91019703864b5f83eb6d135bbcb7b2>:0 
  at System.Linq.Enumerable.ToDictionary[TSource,TKey] (System.Collections.Generic.IEnumerable`1[T] source, System.Func`2[T,TResult] keySelector) [0x00000] in <9a91019703864b5f83eb6d135bbcb7b2>:0 
  at UnityEditor.Scripting.ScriptCompilation.LoadingAssemblyDefinition.SetAllCustomScriptAssemblyReferenceJsonsContents (System.String[] paths, System.String[] contents) [0x00167] in /Users/bokken/buildslave/unity/build/Editor/Mono/Scripting/ScriptCompilation/LoadingAssemblyDefinition.cs:244 
UnityEngine.DebugLogHandler:Internal_LogException(Exception, Object)
UnityEngine.DebugLogHandler:LogException(Exception, Object)
UnityEngine.Logger:LogException(Exception, Object)
UnityEngine.Debug:LogException(Exception)
UnityEditor.Scripting.ScriptCompilation.EditorCompilationInterface:LogException(Exception) (at /Users/bokken/buildslave/unity/build/Editor/Mono/Scripting/ScriptCompilation/EditorCompilationInterface.cs:33)
UnityEditor.Scripting.ScriptCompilation.EditorCompilationInterface:EmitExceptionsAsErrors(Exception[]) (at /Users/bokken/buildslave/unity/build/Editor/Mono/Scripting/ScriptCompilation/EditorCompilationInterface.cs:42)
UnityEditor.Scripting.ScriptCompilation.EditorCompilationInterface:SetAllCustomScriptAssemblyReferenceJsons(String[], String[]) (at /Users/bokken/buildslave/unity/build/Editor/Mono/Scripting/ScriptCompilation/EditorCompilationInterface.cs:134)

(Filename: /Users/bokken/buildslave/unity/build/Editor/Mono/Scripting/ScriptCompilation/LoadingAssemblyDefinition.cs Line: 244)

Assembly with name 'VFXGraph.OutputEventHandlers' already exists (Assets/Samples/Visual Effect Graph/12.1.2/OutputEvent Helpers/Runtime/Unity.VisualEffectGraph.OutputEventHandlers.asmdef)
Assembly with name 'VFXGraph.OutputEventHandlers' already exists (Assets/Samples/Visual Effect Graph/10.2.0/OutputEvent Helpers/Runtime/Unity.VisualEffectGraph.OutputEventHandlers.asmdef)
Assembly with name 'VFXGraph.OutputEventHandlers.Editor' already exists (Assets/Samples/Visual Effect Graph/12.1.2/OutputEvent Helpers/Editor/Unity.VisualEffectGraph.OutputEventHandlers.asmdef)
Assembly with name 'VFXGraph.OutputEventHandlers.Editor' already exists (Assets/Samples/Visual Effect Graph/10.2.0/OutputEvent Helpers/Editor/Unity.VisualEffectGraph.OutputEventHandlers.asmdef)
ArgumentException: An item with the same key has already been added. Key: 00000000000000000000000000000000
  at System.Collections.Generic.Dictionary`2[TKey,TValue].TryInsert (TKey key, TValue value, System.Collections.Generic.InsertionBehavior behavior) [0x0015a] in <bd21fd595d394493a51e7c79b5fef9e0>:0 
  at System.Collections.Generic.Dictionary`2[TKey,TValue].Add (TKey key, TValue value) [0x00000] in <bd21fd595d394493a51e7c79b5fef9e0>:0 
  at System.Linq.Enumerable.ToDictionary[TSource,TKey] (TSource[] source, System.Func`2[T,TResult] keySelector, System.Collections.Generic.IEqualityComparer`1[T] comparer) [0x0001c] in <9a91019703864b5f83eb6d135bbcb7b2>:0 
  at System.Linq.Enumerable.ToDictionary[TSource,TKey] (System.Collections.Generic.IEnumerable`1[T] source, System.Func`2[T,TResult] keySelector, System.Collections.Generic.IEqualityComparer`1[T] comparer) [0x00043] in <9a91019703864b5f83eb6d135bbcb7b2>:0 
  at System.Linq.Enumerable.ToDictionary[TSource,TKey] (System.Collections.Generic.IEnumerable`1[T] source, System.Func`2[T,TResult] keySelector) [0x00000] in <9a91019703864b5f83eb6d135bbcb7b2>:0 
  at UnityEditor.Scripting.ScriptCompilation.LoadingAssemblyDefinition.SetAllCustomScriptAssemblyReferenceJsonsContents (System.String[] paths, System.String[] contents) [0x00167] in /Users/bokken/buildslave/unity/build/Editor/Mono/Scripting/ScriptCompilation/LoadingAssemblyDefinition.cs:244 
UnityEngine.DebugLogHandler:Internal_LogException(Exception, Object)
UnityEngine.DebugLogHandler:LogException(Exception, Object)
UnityEngine.Logger:LogException(Exception, Object)
UnityEngine.Debug:LogException(Exception)
UnityEditor.Scripting.ScriptCompilation.EditorCompilationInterface:LogException(Exception) (at /Users/bokken/buildslave/unity/build/Editor/Mono/Scripting/ScriptCompilation/EditorCompilationInterface.cs:33)
UnityEditor.Scripting.ScriptCompilation.EditorCompilationInterface:EmitExceptionsAsErrors(Exception[]) (at /Users/bokken/buildslave/unity/build/Editor/Mono/Scripting/ScriptCompilation/EditorCompilationInterface.cs:42)
UnityEditor.Scripting.ScriptCompilation.EditorCompilationInterface:SetAllCustomScriptAssemblyReferenceJsons(String[], String[]) (at /Users/bokken/buildslave/unity/build/Editor/Mono/Scripting/ScriptCompilation/EditorCompilationInterface.cs:134)

(Filename: /Users/bokken/buildslave/unity/build/Editor/Mono/Scripting/ScriptCompilation/LoadingAssemblyDefinition.cs Line: 244)

ArgumentException: An item with the same key has already been added. Key: 00000000000000000000000000000000
  at System.Collections.Generic.Dictionary`2[TKey,TValue].TryInsert (TKey key, TValue value, System.Collections.Generic.InsertionBehavior behavior) [0x0015a] in <bd21fd595d394493a51e7c79b5fef9e0>:0 
  at System.Collections.Generic.Dictionary`2[TKey,TValue].Add (TKey key, TValue value) [0x00000] in <bd21fd595d394493a51e7c79b5fef9e0>:0 
  at System.Linq.Enumerable.ToDictionary[TSource,TKey] (TSource[] source, System.Func`2[T,TResult] keySelector, System.Collections.Generic.IEqualityComparer`1[T] comparer) [0x0001c] in <9a91019703864b5f83eb6d135bbcb7b2>:0 
  at System.Linq.Enumerable.ToDictionary[TSource,TKey] (System.Collections.Generic.IEnumerable`1[T] source, System.Func`2[T,TResult] keySelector, System.Collections.Generic.IEqualityComparer`1[T] comparer) [0x00043] in <9a91019703864b5f83eb6d135bbcb7b2>:0 
  at System.Linq.Enumerable.ToDictionary[TSource,TKey] (System.Collections.Generic.IEnumerable`1[T] source, System.Func`2[T,TResult] keySelector) [0x00000] in <9a91019703864b5f83eb6d135bbcb7b2>:0 
  at UnityEditor.Scripting.ScriptCompilation.LoadingAssemblyDefinition.SetAllCustomScriptAssemblyReferenceJsonsContents (System.String[] paths, System.String[] contents) [0x00167] in /Users/bokken/buildslave/unity/build/Editor/Mono/Scripting/ScriptCompilation/LoadingAssemblyDefinition.cs:244 
UnityEngine.DebugLogHandler:Internal_LogException(Exception, Object)
UnityEngine.DebugLogHandler:LogException(Exception, Object)
UnityEngine.Logger:LogException(Exception, Object)
UnityEngine.Debug:LogException(Exception)
UnityEditor.Scripting.ScriptCompilation.EditorCompilationInterface:LogException(Exception) (at /Users/bokken/buildslave/unity/build/Editor/Mono/Scripting/ScriptCompilation/EditorCompilationInterface.cs:33)
UnityEditor.Scripting.ScriptCompilation.EditorCompilationInterface:EmitExceptionsAsErrors(Exception[]) (at /Users/bokken/buildslave/unity/build/Editor/Mono/Scripting/ScriptCompilation/EditorCompilationInterface.cs:42)
UnityEditor.Scripting.ScriptCompilation.EditorCompilationInterface:SetAllCustomScriptAssemblyReferenceJsons(String[], String[]) (at /Users/bokken/buildslave/unity/build/Editor/Mono/Scripting/ScriptCompilation/EditorCompilationInterface.cs:134)

(Filename: /Users/bokken/buildslave/unity/build/Editor/Mono/Scripting/ScriptCompilation/LoadingAssemblyDefinition.cs Line: 244)

Begin MonoManager ReloadAssembly
Native extension for Lumin target not found
Native extension for WindowsStandalone target not found
Native extension for OSXStandalone target not found
Native extension for WebGL target not found
Refreshing native plugins compatible for Editor in 0.90 ms, found 1 plugins.
Preloading 0 native plugins for Editor in 0.00 ms.
Assembly with name 'VFXGraph.OutputEventHandlers' already exists (Assets/Samples/Visual Effect Graph/12.1.2/OutputEvent Helpers/Runtime/Unity.VisualEffectGraph.OutputEventHandlers.asmdef)
Assembly with name 'VFXGraph.OutputEventHandlers' already exists (Assets/Samples/Visual Effect Graph/10.2.0/OutputEvent Helpers/Runtime/Unity.VisualEffectGraph.OutputEventHandlers.asmdef)
Assembly with name 'VFXGraph.OutputEventHandlers.Editor' already exists (Assets/Samples/Visual Effect Graph/12.1.2/OutputEvent Helpers/Editor/Unity.VisualEffectGraph.OutputEventHandlers.asmdef)
Assembly with name 'VFXGraph.OutputEventHandlers.Editor' already exists (Assets/Samples/Visual Effect Graph/10.2.0/OutputEvent Helpers/Editor/Unity.VisualEffectGraph.OutputEventHandlers.asmdef)
ArgumentException: An item with the same key has already been added. Key: 00000000000000000000000000000000
  at System.Collections.Generic.Dictionary`2[TKey,TValue].TryInsert (TKey key, TValue value, System.Collections.Generic.InsertionBehavior behavior) [0x0015a] in <bd21fd595d394493a51e7c79b5fef9e0>:0 
  at System.Collections.Generic.Dictionary`2[TKey,TValue].Add (TKey key, TValue value) [0x00000] in <bd21fd595d394493a51e7c79b5fef9e0>:0 
  at System.Linq.Enumerable.ToDictionary[TSource,TKey] (TSource[] source, System.Func`2[T,TResult] keySelector, System.Collections.Generic.IEqualityComparer`1[T] comparer) [0x0001c] in <9a91019703864b5f83eb6d135bbcb7b2>:0 
  at System.Linq.Enumerable.ToDictionary[TSource,TKey] (System.Collections.Generic.IEnumerable`1[T] source, System.Func`2[T,TResult] keySelector, System.Collections.Generic.IEqualityComparer`1[T] comparer) [0x00043] in <9a91019703864b5f83eb6d135bbcb7b2>:0 
  at System.Linq.Enumerable.ToDictionary[TSource,TKey] (System.Collections.Generic.IEnumerable`1[T] source, System.Func`2[T,TResult] keySelector) [0x00000] in <9a91019703864b5f83eb6d135bbcb7b2>:0 
  at UnityEditor.Scripting.ScriptCompilation.LoadingAssemblyDefinition.SetAllCustomScriptAssemblyReferenceJsonsContents (System.String[] paths, System.String[] contents) [0x00167] in /Users/bokken/buildslave/unity/build/Editor/Mono/Scripting/ScriptCompilation/LoadingAssemblyDefinition.cs:244 
UnityEngine.DebugLogHandler:Internal_LogException(Exception, Object)
UnityEngine.DebugLogHandler:LogException(Exception, Object)
UnityEngine.Logger:LogException(Exception, Object)
UnityEngine.Debug:LogException(Exception)
UnityEditor.Scripting.ScriptCompilation.EditorCompilationInterface:LogException(Exception) (at /Users/bokken/buildslave/unity/build/Editor/Mono/Scripting/ScriptCompilation/EditorCompilationInterface.cs:33)
UnityEditor.Scripting.ScriptCompilation.EditorCompilationInterface:EmitExceptionsAsErrors(Exception[]) (at /Users/bokken/buildslave/unity/build/Editor/Mono/Scripting/ScriptCompilation/EditorCompilationInterface.cs:42)
UnityEditor.Scripting.ScriptCompilation.EditorCompilationInterface:SetAllCustomScriptAssemblyReferenceJsons(String[], String[]) (at /Users/bokken/buildslave/unity/build/Editor/Mono/Scripting/ScriptCompilation/EditorCompilationInterface.cs:134)

(Filename: /Users/bokken/buildslave/unity/build/Editor/Mono/Scripting/ScriptCompilation/LoadingAssemblyDefinition.cs Line: 244)

ArgumentException: An item with the same key has already been added. Key: 00000000000000000000000000000000
  at System.Collections.Generic.Dictionary`2[TKey,TValue].TryInsert (TKey key, TValue value, System.Collections.Generic.InsertionBehavior behavior) [0x0015a] in <bd21fd595d394493a51e7c79b5fef9e0>:0 
  at System.Collections.Generic.Dictionary`2[TKey,TValue].Add (TKey key, TValue value) [0x00000] in <bd21fd595d394493a51e7c79b5fef9e0>:0 
  at System.Linq.Enumerable.ToDictionary[TSource,TKey] (TSource[] source, System.Func`2[T,TResult] keySelector, System.Collections.Generic.IEqualityComparer`1[T] comparer) [0x0001c] in <9a91019703864b5f83eb6d135bbcb7b2>:0 
  at System.Linq.Enumerable.ToDictionary[TSource,TKey] (System.Collections.Generic.IEnumerable`1[T] source, System.Func`2[T,TResult] keySelector, System.Collections.Generic.IEqualityComparer`1[T] comparer) [0x00043] in <9a91019703864b5f83eb6d135bbcb7b2>:0 
  at System.Linq.Enumerable.ToDictionary[TSource,TKey] (System.Collections.Generic.IEnumerable`1[T] source, System.Func`2[T,TResult] keySelector) [0x00000] in <9a91019703864b5f83eb6d135bbcb7b2>:0 
  at UnityEditor.Scripting.ScriptCompilation.LoadingAssemblyDefinition.SetAllCustomScriptAssemblyReferenceJsonsContents (System.String[] paths, System.String[] contents) [0x00167] in /Users/bokken/buildslave/unity/build/Editor/Mono/Scripting/ScriptCompilation/LoadingAssemblyDefinition.cs:244 
UnityEngine.DebugLogHandler:Internal_LogException(Exception, Object)
UnityEngine.DebugLogHandler:LogException(Exception, Object)
UnityEngine.Logger:LogException(Exception, Object)
UnityEngine.Debug:LogException(Exception)
UnityEditor.Scripting.ScriptCompilation.EditorCompilationInterface:LogException(Exception) (at /Users/bokken/buildslave/unity/build/Editor/Mono/Scripting/ScriptCompilation/EditorCompilationInterface.cs:33)
UnityEditor.Scripting.ScriptCompilation.EditorCompilationInterface:EmitExceptionsAsErrors(Exception[]) (at /Users/bokken/buildslave/unity/build/Editor/Mono/Scripting/ScriptCompilation/EditorCompilationInterface.cs:42)
UnityEditor.Scripting.ScriptCompilation.EditorCompilationInterface:SetAllCustomScriptAssemblyReferenceJsons(String[], String[]) (at /Users/bokken/buildslave/unity/build/Editor/Mono/Scripting/ScriptCompilation/EditorCompilationInterface.cs:134)

(Filename: /Users/bokken/buildslave/unity/build/Editor/Mono/Scripting/ScriptCompilation/LoadingAssemblyDefinition.cs Line: 244)

Mono: successfully reloaded assembly
- Completed reload, in  1.393 seconds
Domain Reload Profiling:
	ReloadAssembly (1394ms)
		BeginReloadAssembly (140ms)
			ExecutionOrderSort (0ms)
			DisableScriptedObjects (7ms)
			BackupInstance (0ms)
			ReleaseScriptingObjects (0ms)
			CreateAndSetChildDomain (61ms)
		EndReloadAssembly (1143ms)
			LoadAssemblies (60ms)
			RebuildTransferFunctionScriptingTraits (0ms)
			SetupTypeCache (305ms)
			ReleaseScriptCaches (2ms)
			RebuildScriptCaches (90ms)
			SetupLoadedEditorAssemblies (545ms)
				LogAssemblyErrors (0ms)
				InitializePlatformSupportModulesInManaged (12ms)
				SetLoadedEditorAssemblies (1ms)
				RefreshPlugins (1ms)
				BeforeProcessingInitializeOnLoad (116ms)
				ProcessInitializeOnLoadAttributes (377ms)
				ProcessInitializeOnLoadMethodAttributes (35ms)
				AfterProcessingInitializeOnLoad (2ms)
				EditorAssembliesLoaded (0ms)
			ExecutionOrderSort2 (0ms)
			AwakeInstancesAfterBackupRestoration (16ms)
Platform modules already initialized, skipping
Switching build target platform(2) subTarget(0) extendedPlatform(0) -> platform(9) subTarget(2) extendedPlatform(0)
Refreshing native plugins compatible for Editor in 0.78 ms, found 1 plugins.
Preloading 0 native plugins for Editor in 0.00 ms.
Unloading 4260 Unused Serialized files (Serialized files now loaded: 0)
Unloading 106 unused Assets / (9.7 MB). Loaded Objects now: 5018.
Memory consumption went from 421.0 MB to 411.3 MB.
Total: 11.416537 ms (FindLiveObjects: 0.611809 ms CreateObjectMapping: 0.490539 ms MarkObjects: 4.279333 ms  DeleteObjects: 6.033219 ms)

AssetImportParameters requested are different than current active one (requested -> active):
  custom:video-decoder-ogg-theora: a1e56fd34408186e4bbccfd4996cb3dc -> 
  custom:container-muxer-webm: aa71ff27fc2769a1b78a27578f13a17b -> 
  custom:container-demuxer-webm: 4f35f7cbe854078d1ac9338744f61a02 -> 
  custom:video-encoder-webm-vp8: eb34c28f22e8b96e1ab97ce403110664 -> 
  custom:framework-osx-AVFoundation: e770b220cccbd017edd2c1fefb359320 -> 
  custom:audio-encoder-webm-vorbis: bf7c407c2cedff20999df2af8eb42d56 -> 
  custom:container-demuxer-ogg: 62fdf1f143b41e24485cea50d1cbac27 -> 
  custom:video-decoder-webm-vp8: 9c59270c3fd7afecdb556c50c9e8de78 -> 
  custom:audio-decoder-ogg-vorbis: bf7c407c2cedff20999df2af8eb42d56 -> 
